Terminal log file
Date: 11/21/2021 - 11:57:49 AM
-----------------------------------------------
2021.11.21, 11:57:54.560, -------------------------------------------------------------------
2021.11.21, 11:57:54.560, WIFI_ADDRESS : 308398D9FD88
2021.11.21, 11:57:54.560, GATEWAY_ID   : SEN_D88
2021.11.21, 11:57:54.560, 6030 AL      : 759
2021.11.21, 11:57:54.560, 6040 R       : 16223
2021.11.21, 11:57:54.560, 6040 G       : 17865
2021.11.21, 11:57:54.560, 6040 B       : 9918
2021.11.21, 11:57:54.560, 6040 W       : 47837
2021.11.21, 11:57:54.560, 6075 UVA     : 66.85
2021.11.21, 11:57:54.560, 6075 UVB     : 59.19
2021.11.21, 11:57:54.560, MPU6050      : 0.00,0.00,0.90
2021.11.21, 11:57:54.560, BATT V       : 4.22 V
2021.11.21, 11:57:54.560, ERROR CODE   : 0x0
2021.11.21, 11:57:54.560, -------------------------------------------------------------------
2021.11.21, 11:57:57.516, WAKEUP TIME: 6699
2021.11.21, 11:57:57.516, deep sleep
2021.11.21, 11:57:57.516, -----------------------------  END  -------------------------------
